<?xml version='1.0' encoding='UTF-8'?>
<testsuite hostname="PCErik" name="Documents.Htwg.se.MADN.MenschAergereDichNicht.MainSpec" tests="3" errors="0" failures="0" skipped="0" time="0.063" timestamp="2021-10-29T10:11:05">
          <properties>
[...]
</properties>
          <testcase classname="Documents.Htwg.se.MADN.MenschAergereDichNicht.MainSpec" name="Main should have a scalable field String of form'
+----+
|    |
+----+'" time="0.06">
                      
                    </testcase><testcase classname="Documents.Htwg.se.MADN.MenschAergereDichNicht.MainSpec" name="Main should have a scalable players String of form'
+----+
|    |
+----+'" time="0.002">
                      
                    </testcase><testcase classname="Documents.Htwg.se.MADN.MenschAergereDichNicht.MainSpec" name="Main should have a scalable home String of form'
+----+
|    |
+----+'" time="0.001">
                      
                    </testcase>
          <system-out><![CDATA[]]></system-out>
          <system-err><![CDATA[]]></system-err>
        </testsuite>