<?xml version='1.0' encoding='UTF-8'?>
<testsuite hostname="DESKTOP-VC28F1K" name="Documents.Htwg.se.MADN.MenschAergereDichNicht.MainSpec" tests="3" errors="0" failures="0" skipped="0" time="0.106" timestamp="2021-11-04T11:15:02">
          <properties>
[...]
</properties>
          <testcase classname="Documents.Htwg.se.MADN.MenschAergereDichNicht.MainSpec" name="Main should have a scalable field String of form'
+----+
|    |
+----+'" time="0.099">
                      
                    </testcase><testcase classname="Documents.Htwg.se.MADN.MenschAergereDichNicht.MainSpec" name="Main should have a scalable players String of form'
+----+
|    |
+----+'" time="0.005">
                      
                    </testcase><testcase classname="Documents.Htwg.se.MADN.MenschAergereDichNicht.MainSpec" name="Main should have a scalable home String of form'
+----+
|    |
+----+'" time="0.002">
                      
                    </testcase>
          <system-out><![CDATA[]]></system-out>
          <system-err><![CDATA[]]></system-err>
        </testsuite>